  Menu.cpp
C:\Users\saway\Desktop\プロジェクト\_Cheat\Battlefield-4-ExternalCheat\CFramework\Cheat\Menu.cpp(1,1): warning C4819: ファイルは、現在のコード ページ (932) で表示できない文字を含んでいます。データの損失を防ぐために、ファイルを Unicode 形式で保存してください。
C:\Users\saway\Desktop\プロジェクト\_Cheat\Battlefield-4-ExternalCheat\CFramework\Cheat\FrameCore.h(43,100): warning C4244: '引数': 'int' から 'float' への変換です。データが失われる可能性があります。
  (ソース ファイル 'Cheat/Menu.cpp' をコンパイルしています)
  
C:\Users\saway\Desktop\プロジェクト\_Cheat\Battlefield-4-ExternalCheat\CFramework\Cheat\FrameCore.h(43,90): warning C4244: '引数': 'int' から 'float' への変換です。データが失われる可能性があります。
  (ソース ファイル 'Cheat/Menu.cpp' をコンパイルしています)
  
C:\Users\saway\Desktop\プロジェクト\_Cheat\Battlefield-4-ExternalCheat\CFramework\Cheat\FrameCore.h(43,72): warning C4244: '引数': 'int' から 'float' への変換です。データが失われる可能性があります。
  (ソース ファイル 'Cheat/Menu.cpp' をコンパイルしています)
  
C:\Users\saway\Desktop\プロジェクト\_Cheat\Battlefield-4-ExternalCheat\CFramework\Cheat\FrameCore.h(43,62): warning C4244: '引数': 'int' から 'float' への変換です。データが失われる可能性があります。
  (ソース ファイル 'Cheat/Menu.cpp' をコンパイルしています)
  
C:\Users\saway\Desktop\プロジェクト\_Cheat\Battlefield-4-ExternalCheat\CFramework\Cheat\FrameCore.h(51,51): warning C4244: '引数': 'int' から 'float' への変換です。データが失われる可能性があります。
  (ソース ファイル 'Cheat/Menu.cpp' をコンパイルしています)
  
C:\Users\saway\Desktop\プロジェクト\_Cheat\Battlefield-4-ExternalCheat\CFramework\Cheat\FrameCore.h(51,40): warning C4244: '引数': 'int' から 'float' への変換です。データが失われる可能性があります。
  (ソース ファイル 'Cheat/Menu.cpp' をコンパイルしています)
  
C:\Users\saway\Desktop\プロジェクト\_Cheat\Battlefield-4-ExternalCheat\CFramework\Cheat\FrameCore.h(51,29): warning C4244: '引数': 'int' から 'float' への変換です。データが失われる可能性があります。
  (ソース ファイル 'Cheat/Menu.cpp' をコンパイルしています)
  
C:\Users\saway\Desktop\プロジェクト\_Cheat\Battlefield-4-ExternalCheat\CFramework\Cheat\FrameCore.h(51,22): warning C4244: '引数': 'int' から 'float' への変換です。データが失われる可能性があります。
  (ソース ファイル 'Cheat/Menu.cpp' をコンパイルしています)
  
C:\Users\saway\Desktop\プロジェクト\_Cheat\Battlefield-4-ExternalCheat\CFramework\Cheat\FrameCore.h(52,28): warning C4244: '引数': 'int' から 'float' への変換です。データが失われる可能性があります。
  (ソース ファイル 'Cheat/Menu.cpp' をコンパイルしています)
  
C:\Users\saway\Desktop\プロジェクト\_Cheat\Battlefield-4-ExternalCheat\CFramework\Cheat\FrameCore.h(52,23): warning C4244: '引数': 'int' から 'float' への変換です。データが失われる可能性があります。
  (ソース ファイル 'Cheat/Menu.cpp' をコンパイルしています)
  
C:\Users\saway\Desktop\プロジェクト\_Cheat\Battlefield-4-ExternalCheat\CFramework\Cheat\FrameCore.h(52,20): warning C4244: '引数': 'int' から 'float' への変換です。データが失われる可能性があります。
  (ソース ファイル 'Cheat/Menu.cpp' をコンパイルしています)
  
C:\Users\saway\Desktop\プロジェクト\_Cheat\Battlefield-4-ExternalCheat\CFramework\Cheat\FrameCore.h(56,78): warning C4244: '引数': 'int' から 'float' への変換です。データが失われる可能性があります。
  (ソース ファイル 'Cheat/Menu.cpp' をコンパイルしています)
  
C:\Users\saway\Desktop\プロジェクト\_Cheat\Battlefield-4-ExternalCheat\CFramework\Cheat\FrameCore.h(56,66): warning C4244: '引数': 'int' から 'float' への変換です。データが失われる可能性があります。
  (ソース ファイル 'Cheat/Menu.cpp' をコンパイルしています)
  
C:\Users\saway\Desktop\プロジェクト\_Cheat\Battlefield-4-ExternalCheat\CFramework\Cheat\FrameCore.h(60,116): warning C4244: '引数': 'int' から 'float' への変換です。データが失われる可能性があります。
  (ソース ファイル 'Cheat/Menu.cpp' をコンパイルしています)
  
C:\Users\saway\Desktop\プロジェクト\_Cheat\Battlefield-4-ExternalCheat\CFramework\Cheat\FrameCore.h(60,104): warning C4244: '引数': 'int' から 'float' への変換です。データが失われる可能性があります。
  (ソース ファイル 'Cheat/Menu.cpp' をコンパイルしています)
  
C:\Users\saway\Desktop\プロジェクト\_Cheat\Battlefield-4-ExternalCheat\CFramework\Cheat\FrameCore.h(65,105): warning C4244: '引数': 'int' から 'float' への変換です。データが失われる可能性があります。
  (ソース ファイル 'Cheat/Menu.cpp' をコンパイルしています)
  
C:\Users\saway\Desktop\プロジェクト\_Cheat\Battlefield-4-ExternalCheat\CFramework\Cheat\FrameCore.h(65,93): warning C4244: '引数': 'int' から 'float' への変換です。データが失われる可能性があります。
  (ソース ファイル 'Cheat/Menu.cpp' をコンパイルしています)
  
  CFramework.vcxproj -> C:\Users\saway\Desktop\プロジェクト\_Cheat\Battlefield-4-ExternalCheat\x64\Debug\BF4_External.exe
